<?xml version="1.0" encoding="UTF-8"?>
<!-- Generated by org.testng.reporters.JUnitReportReporter -->
<testsuite hostname="ghadeer" name="pageTests.DropdownPageTest" tests="2" failures="0" timestamp="28 Jun 2020 17:33:36 GMT" time="0.608" errors="0">
  <testcase name="SelectOptionDropdownBtn" time="0.484" classname="pageTests.DropdownPageTest"/>
  <testcase name="VerifyPageLabel" time="0.124" classname="pageTests.DropdownPageTest"/>
</testsuite>
