<?xml version="1.0" encoding="UTF-8"?>
<!-- Generated by org.testng.reporters.JUnitReportReporter -->
<testsuite hostname="ghadeer" name="pageTests.UploadFileTest" tests="1" failures="0" timestamp="28 Jun 2020 20:50:18 GMT" time="3.159" errors="0">
  <testcase name="uploadFile" time="3.159" classname="pageTests.UploadFileTest"/>
</testsuite>
